<?xml version="1.0" encoding="utf-8"?>
<test-run id="2" name="ConsoleApplication1.EXE" fullname="C:/Users/osmar.garcia/Source/Repos/osmar/AccuWeather/ConsoleApplication1/bin/Debug/ConsoleApplication1.EXE" testcasecount="0" result="Failed" label="Invalid" start-time="2016-06-15 15:47:40Z" end-time="2016-06-15 15:47:40Z" duration="0.013097" total="0" passed="0" failed="0" inconclusive="0" skipped="0" asserts="0" random-seed="1965320902">
  <command-line><![CDATA["C:\Users\osmar.garcia\Source\Repos\osmar\AccuWeather\ConsoleApplication1\bin\Debug\ConsoleApplication1.vshost.exe" ]]></command-line>
  <filter />
  <test-suite type="Assembly" id="1000" name="ConsoleApplication1.EXE" fullname="C:/Users/osmar.garcia/Source/Repos/osmar/AccuWeather/ConsoleApplication1/bin/Debug/ConsoleApplication1.EXE" runstate="NotRunnable" testcasecount="0" result="Failed" label="Invalid" site="SetUp" start-time="2016-06-15 15:47:40Z" end-time="2016-06-15 15:47:40Z" duration="0.013097" total="0" passed="0" failed="0" inconclusive="0" skipped="0" asserts="0">
    <environment framework-version="3.2.1.0" clr-version="4.0.30319.42000" os-version="Microsoft Windows NT 6.1.7601 Service Pack 1" platform="Win32NT" cwd="C:\Users\osmar.garcia\Source\Repos\osmar\AccuWeather\ConsoleApplication1\bin\Debug" machine-name="TXBOOGARCIA" user="osmar.garcia" user-domain="TRUEXTEND" culture="en-US" uiculture="en-US" os-architecture="x86" />
    <settings>
      <setting name="WorkDirectory" value="C:\Users\osmar.garcia\Source\Repos\osmar\AccuWeather\ConsoleApplication1\bin\Debug" />
      <setting name="NumberOfTestWorkers" value="4" />
    </settings>
    <properties>
      <property name="_SKIPREASON" value="Has no TestFixtures" />
      <property name="_PID" value="7016" />
      <property name="_APPDOMAIN" value="ConsoleApplication1.vshost.exe" />
    </properties>
    <failure>
      <message><![CDATA[Has no TestFixtures]]></message>
    </failure>
  </test-suite>
</test-run>