<?xml version="1.0" encoding="utf-8" standalone="no"?>
<test-run id="2" testcasecount="32" result="Failed" total="32" passed="31" failed="1" inconclusive="0" skipped="0" asserts="108" engine-version="3.2.1.0" clr-version="2.0.50727.5420" start-time="2016-06-16 16:42:16Z" end-time="2016-06-16 17:00:52Z" duration="1115.980884">
  <command-line><![CDATA["C:\Users\osmar.garcia\Source\Repos\osmar\AccuWeather\RunTestCases\bin\Debug\nunit3-console.exe" AccuWeather.dll --where "class == AccuWeather.TestAddLocation || class == AccuWeather.TestEditLocation || class == AccuWeather.TestMenuButtonAndMenuOptions || class == AccuWeather.TestTermsConditions" --work="Reports\20160616124206" --wait]]></command-line>
  <filter>
    <or>
      <class>AccuWeather.TestAddLocation</class>
      <class>AccuWeather.TestEditLocation</class>
      <class>AccuWeather.TestMenuButtonAndMenuOptions</class>
      <class>AccuWeather.TestTermsConditions</class>
    </or>
  </filter>
  <test-suite type="Assembly" id="0-1047" name="AccuWeather.dll" fullname="C:\Users\osmar.garcia\Source\Repos\osmar\AccuWeather\RunTestCases\bin\Debug\AccuWeather.dll" runstate="Runnable" testcasecount="32" result="Failed" site="Child" start-time="2016-06-16 16:42:16Z" end-time="2016-06-16 17:00:52Z" duration="1115.691810" total="32" passed="31" failed="1" inconclusive="0" skipped="0" asserts="108">
    <environment framework-version="3.2.1.0" clr-version="4.0.30319.42000" os-version="Microsoft Windows NT 6.1.7601 Service Pack 1" platform="Win32NT" cwd="C:\Users\osmar.garcia\Source\Repos\osmar\AccuWeather\RunTestCases\bin\Debug" machine-name="TXBOOGARCIA" user="osmar.garcia" user-domain="TRUEXTEND" culture="en-US" uiculture="en-US" os-architecture="x64" />
    <settings>
      <setting name="WorkDirectory" value="Reports\20160616124206" />
      <setting name="ImageRuntimeVersion" value="4.0.30319" />
      <setting name="ImageTargetFrameworkName" value=".NETFramework,Version=v4.5.2" />
      <setting name="ImageRequiresX86" value="False" />
      <setting name="ImageRequiresDefaultAppDomainAssemblyResolver" value="False" />
      <setting name="NumberOfTestWorkers" value="4" />
    </settings>
    <properties>
      <property name="_PID" value="11060" />
      <property name="_APPDOMAIN" value="test-domain-" />
    </properties>
    <failure>
      <message><![CDATA[One or more child tests had errors]]></message>
    </failure>
    <test-suite type="TestSuite" id="0-1048" name="AccuWeather" fullname="AccuWeather" runstate="Runnable" testcasecount="32" result="Failed" site="Child" start-time="2016-06-16 16:42:16Z" end-time="2016-06-16 17:00:52Z" duration="1115.650793" total="32" passed="31" failed="1" inconclusive="0" skipped="0" asserts="108">
      <failure>
        <message><![CDATA[One or more child tests had errors]]></message>
      </failure>
      <test-suite type="TestFixture" id="0-1012" name="TestEditLocation" fullname="AccuWeather.TestEditLocation" classname="AccuWeather.TestEditLocation" runstate="Runnable" testcasecount="2" result="Failed" site="Child" start-time="2016-06-16 16:42:16Z" end-time="2016-06-16 16:47:27Z" duration="310.242348" total="2" passed="1" failed="1" inconclusive="0" skipped="0" asserts="8">
        <properties>
          <property name="ParallelScope" value="Self" />
          <property name="Category" value="EditLocation" />
        </properties>
        <failure>
          <message><![CDATA[One or more child tests had errors]]></message>
        </failure>
        <test-suite type="ParameterizedMethod" id="0-1015" name="TC015_Edit_Location_Delete_Location_When_It_Is_Swipped_Left" fullname="AccuWeather.TestEditLocation.TC015_Edit_Location_Delete_Location_When_It_Is_Swipped_Left" runstate="Runnable" testcasecount="2" result="Failed" site="Child" start-time="2016-06-16 16:42:16Z" end-time="2016-06-16 16:47:27Z" duration="310.233795" total="2" passed="1" failed="1" inconclusive="0" skipped="0" asserts="8">
          <failure>
            <message><![CDATA[One or more child tests had errors]]></message>
          </failure>
          <test-case id="0-1013" name="TC015_Edit_Location_Delete_Location_When_It_Is_Swipped_Left(&quot;Edit&quot;)" fullname="AccuWeather.TestEditLocation.TC015_Edit_Location_Delete_Location_When_It_Is_Swipped_Left(&quot;Edit&quot;)" methodname="TC015_Edit_Location_Delete_Location_When_It_Is_Swipped_Left" classname="AccuWeather.TestEditLocation" runstate="Runnable" seed="212386315" result="Failed" start-time="2016-06-16 16:42:16Z" end-time="2016-06-16 16:45:09Z" duration="172.537533" asserts="2">
            <failure>
              <message><![CDATA[  Edit Location button is not found
  Expected: True
  But was:  False
]]></message>
              <stack-trace><![CDATA[at AccuWeather.TestEditLocation.TC015_Edit_Location_Delete_Location_When_It_Is_Swipped_Left(String screen) in C:\Users\osmar.garcia\Source\Repos\osmar\AccuWeather\AccuWeather\TestEditLocation.cs:line 67
]]></stack-trace>
            </failure>
          </test-case>
          <test-case id="0-1014" name="TC015_Edit_Location_Delete_Location_When_It_Is_Swipped_Left(&quot;Menu&quot;)" fullname="AccuWeather.TestEditLocation.TC015_Edit_Location_Delete_Location_When_It_Is_Swipped_Left(&quot;Menu&quot;)" methodname="TC015_Edit_Location_Delete_Location_When_It_Is_Swipped_Left" classname="AccuWeather.TestEditLocation" runstate="Runnable" seed="963478164" result="Passed" start-time="2016-06-16 16:45:09Z" end-time="2016-06-16 16:47:27Z" duration="137.690504" asserts="6" />
        </test-suite>
      </test-suite>
      <test-suite type="TestFixture" id="0-1000" name="TestAddLocation" fullname="AccuWeather.TestAddLocation" classname="AccuWeather.TestAddLocation" runstate="Runnable" testcasecount="6" result="Passed" start-time="2016-06-16 16:42:16Z" end-time="2016-06-16 16:52:12Z" duration="595.412659" total="6" passed="6" failed="0" inconclusive="0" skipped="0" asserts="34">
        <properties>
          <property name="ParallelScope" value="Self" />
          <property name="Category" value="AddLocation" />
        </properties>
        <test-case id="0-1001" name="TC009_Add_Location_Back_button_Display_Previous_Screen" fullname="AccuWeather.TestAddLocation.TC009_Add_Location_Back_button_Display_Previous_Screen" methodname="TC009_Add_Location_Back_button_Display_Previous_Screen" classname="AccuWeather.TestAddLocation" runstate="Runnable" seed="798259755" result="Passed" start-time="2016-06-16 16:42:16Z" end-time="2016-06-16 16:43:47Z" duration="90.407624" asserts="4" />
        <test-suite type="ParameterizedMethod" id="0-1003" name="TC010_Add_Location_Suggestions_Location_Displayed_Matches_Text_Entered" fullname="AccuWeather.TestAddLocation.TC010_Add_Location_Suggestions_Location_Displayed_Matches_Text_Entered" runstate="Runnable" testcasecount="1" result="Passed" start-time="2016-06-16 16:43:47Z" end-time="2016-06-16 16:45:53Z" duration="125.759844" total="1" passed="1" failed="0" inconclusive="0" skipped="0" asserts="13">
          <test-case id="0-1002" name="TC010_Add_Location_Suggestions_Location_Displayed_Matches_Text_Entered(&quot;Santa&quot;)" fullname="AccuWeather.TestAddLocation.TC010_Add_Location_Suggestions_Location_Displayed_Matches_Text_Entered(&quot;Santa&quot;)" methodname="TC010_Add_Location_Suggestions_Location_Displayed_Matches_Text_Entered" classname="AccuWeather.TestAddLocation" runstate="Runnable" seed="1630670862" result="Passed" start-time="2016-06-16 16:43:47Z" end-time="2016-06-16 16:45:53Z" duration="125.754179" asserts="13" />
        </test-suite>
        <test-suite type="ParameterizedMethod" id="0-1005" name="TC011_Add_Location_Search_Close_Button_Clean_Search_Text_Field_And_Suggestion_List" fullname="AccuWeather.TestAddLocation.TC011_Add_Location_Search_Close_Button_Clean_Search_Text_Field_And_Suggestion_List" runstate="Runnable" testcasecount="1" result="Passed" start-time="2016-06-16 16:45:53Z" end-time="2016-06-16 16:47:21Z" duration="88.683143" total="1" passed="1" failed="0" inconclusive="0" skipped="0" asserts="4">
          <test-case id="0-1004" name="TC011_Add_Location_Search_Close_Button_Clean_Search_Text_Field_And_Suggestion_List(&quot;Santa&quot;)" fullname="AccuWeather.TestAddLocation.TC011_Add_Location_Search_Close_Button_Clean_Search_Text_Field_And_Suggestion_List(&quot;Santa&quot;)" methodname="TC011_Add_Location_Search_Close_Button_Clean_Search_Text_Field_And_Suggestion_List" classname="AccuWeather.TestAddLocation" runstate="Runnable" seed="993609143" result="Passed" start-time="2016-06-16 16:45:53Z" end-time="2016-06-16 16:47:21Z" duration="88.682585" asserts="4" />
        </test-suite>
        <test-suite type="ParameterizedMethod" id="0-1007" name="TC012_Add_Location_Suggestion_Disappears_After_Touching_Close_Search_Button" fullname="AccuWeather.TestAddLocation.TC012_Add_Location_Suggestion_Disappears_After_Touching_Close_Search_Button" runstate="Runnable" testcasecount="1" result="Passed" start-time="2016-06-16 16:47:21Z" end-time="2016-06-16 16:48:54Z" duration="92.809720" total="1" passed="1" failed="0" inconclusive="0" skipped="0" asserts="5">
          <test-case id="0-1006" name="TC012_Add_Location_Suggestion_Disappears_After_Touching_Close_Search_Button(&quot;Santa&quot;)" fullname="AccuWeather.TestAddLocation.TC012_Add_Location_Suggestion_Disappears_After_Touching_Close_Search_Button(&quot;Santa&quot;)" methodname="TC012_Add_Location_Suggestion_Disappears_After_Touching_Close_Search_Button" classname="AccuWeather.TestAddLocation" runstate="Runnable" seed="277322916" result="Passed" start-time="2016-06-16 16:47:21Z" end-time="2016-06-16 16:48:54Z" duration="92.801422" asserts="5" />
        </test-suite>
        <test-suite type="ParameterizedMethod" id="0-1009" name="TC013_Add_Location_Close_Search_Button_Dissapears_After_Touching_It" fullname="AccuWeather.TestAddLocation.TC013_Add_Location_Close_Search_Button_Dissapears_After_Touching_It" runstate="Runnable" testcasecount="1" result="Passed" start-time="2016-06-16 16:48:54Z" end-time="2016-06-16 16:50:32Z" duration="98.171332" total="1" passed="1" failed="0" inconclusive="0" skipped="0" asserts="4">
          <test-case id="0-1008" name="TC013_Add_Location_Close_Search_Button_Dissapears_After_Touching_It(&quot;Santa&quot;)" fullname="AccuWeather.TestAddLocation.TC013_Add_Location_Close_Search_Button_Dissapears_After_Touching_It(&quot;Santa&quot;)" methodname="TC013_Add_Location_Close_Search_Button_Dissapears_After_Touching_It" classname="AccuWeather.TestAddLocation" runstate="Runnable" seed="813987263" result="Passed" start-time="2016-06-16 16:48:54Z" end-time="2016-06-16 16:50:32Z" duration="98.157365" asserts="4" />
        </test-suite>
        <test-suite type="ParameterizedMethod" id="0-1011" name="TC014_Add_Location_Add_New_Location" fullname="AccuWeather.TestAddLocation.TC014_Add_Location_Add_New_Location" runstate="Runnable" testcasecount="1" result="Passed" start-time="2016-06-16 16:50:32Z" end-time="2016-06-16 16:52:12Z" duration="99.545280" total="1" passed="1" failed="0" inconclusive="0" skipped="0" asserts="4">
          <test-case id="0-1010" name="TC014_Add_Location_Add_New_Location(&quot;Santa Cruz de la sierra&quot;)" fullname="AccuWeather.TestAddLocation.TC014_Add_Location_Add_New_Location(&quot;Santa Cruz de la sierra&quot;)" methodname="TC014_Add_Location_Add_New_Location" classname="AccuWeather.TestAddLocation" runstate="Runnable" seed="1896201078" result="Passed" start-time="2016-06-16 16:50:32Z" end-time="2016-06-16 16:52:12Z" duration="99.543274" asserts="4" />
        </test-suite>
      </test-suite>
      <test-suite type="TestFixture" id="0-1035" name="TestTermsConditions" fullname="AccuWeather.TestTermsConditions" classname="AccuWeather.TestTermsConditions" runstate="Runnable" testcasecount="9" result="Passed" start-time="2016-06-16 16:42:16Z" end-time="2016-06-16 16:53:37Z" duration="680.468410" total="9" passed="9" failed="0" inconclusive="0" skipped="0" asserts="22">
        <properties>
          <property name="ParallelScope" value="Self" />
          <property name="Category" value="TermsAndConditions" />
        </properties>
        <test-suite type="ParameterizedMethod" id="0-1040" name="TC001_Terms_Conditions_Displayed_With_The_Correct_Content" fullname="AccuWeather.TestTermsConditions.TC001_Terms_Conditions_Displayed_With_The_Correct_Content" runstate="Runnable" testcasecount="4" result="Passed" start-time="2016-06-16 16:42:16Z" end-time="2016-06-16 16:46:51Z" duration="274.046057" total="4" passed="4" failed="0" inconclusive="0" skipped="0" asserts="8">
          <test-case id="0-1036" name="TC001_Terms_Conditions_Displayed_With_The_Correct_Content(&quot;Title&quot;,&quot;Terms of Use&quot;)" fullname="AccuWeather.TestTermsConditions.TC001_Terms_Conditions_Displayed_With_The_Correct_Content(&quot;Title&quot;,&quot;Terms of Use&quot;)" methodname="TC001_Terms_Conditions_Displayed_With_The_Correct_Content" classname="AccuWeather.TestTermsConditions" runstate="Runnable" seed="1231727827" result="Passed" start-time="2016-06-16 16:42:16Z" end-time="2016-06-16 16:43:25Z" duration="68.489657" asserts="2" />
          <test-case id="0-1037" name="TC001_Terms_Conditions_Displayed_With_The_Correct_Content(&quot;Message&quot;,&quot;Please agree so we can get you your w...&quot;)" fullname="AccuWeather.TestTermsConditions.TC001_Terms_Conditions_Displayed_With_The_Correct_Content(&quot;Message&quot;,&quot;Please agree so we can get you your w...&quot;)" methodname="TC001_Terms_Conditions_Displayed_With_The_Correct_Content" classname="AccuWeather.TestTermsConditions" runstate="Runnable" seed="52758991" result="Passed" start-time="2016-06-16 16:43:25Z" end-time="2016-06-16 16:44:33Z" duration="67.926767" asserts="2" />
          <test-case id="0-1038" name="TC001_Terms_Conditions_Displayed_With_The_Correct_Content(&quot;I Agree&quot;,&quot;I Agree&quot;)" fullname="AccuWeather.TestTermsConditions.TC001_Terms_Conditions_Displayed_With_The_Correct_Content(&quot;I Agree&quot;,&quot;I Agree&quot;)" methodname="TC001_Terms_Conditions_Displayed_With_The_Correct_Content" classname="AccuWeather.TestTermsConditions" runstate="Runnable" seed="1923791459" result="Passed" start-time="2016-06-16 16:44:33Z" end-time="2016-06-16 16:45:40Z" duration="66.874287" asserts="2" />
          <test-case id="0-1039" name="TC001_Terms_Conditions_Displayed_With_The_Correct_Content(&quot;No Thanks&quot;,&quot;No Thanks&quot;)" fullname="AccuWeather.TestTermsConditions.TC001_Terms_Conditions_Displayed_With_The_Correct_Content(&quot;No Thanks&quot;,&quot;No Thanks&quot;)" methodname="TC001_Terms_Conditions_Displayed_With_The_Correct_Content" classname="AccuWeather.TestTermsConditions" runstate="Runnable" seed="1901627434" result="Passed" start-time="2016-06-16 16:45:40Z" end-time="2016-06-16 16:46:51Z" duration="70.731432" asserts="2" />
        </test-suite>
        <test-case id="0-1041" name="TC002_Terms_Conditions_No_Accepted" fullname="AccuWeather.TestTermsConditions.TC002_Terms_Conditions_No_Accepted" methodname="TC002_Terms_Conditions_No_Accepted" classname="AccuWeather.TestTermsConditions" runstate="Runnable" seed="142881592" result="Passed" start-time="2016-06-16 16:46:51Z" end-time="2016-06-16 16:47:54Z" duration="63.006043" asserts="2" />
        <test-suite type="ParameterizedMethod" id="0-1045" name="TC003_Wellcome_Displayed_With_The_Correct_Content" fullname="AccuWeather.TestTermsConditions.TC003_Wellcome_Displayed_With_The_Correct_Content" runstate="Runnable" testcasecount="3" result="Passed" start-time="2016-06-16 16:47:54Z" end-time="2016-06-16 16:52:12Z" duration="258.002110" total="3" passed="3" failed="0" inconclusive="0" skipped="0" asserts="9">
          <test-case id="0-1042" name="TC003_Wellcome_Displayed_With_The_Correct_Content(&quot;Title&quot;,&quot;Welcome to the new AccuWeather for An...&quot;)" fullname="AccuWeather.TestTermsConditions.TC003_Wellcome_Displayed_With_The_Correct_Content(&quot;Title&quot;,&quot;Welcome to the new AccuWeather for An...&quot;)" methodname="TC003_Wellcome_Displayed_With_The_Correct_Content" classname="AccuWeather.TestTermsConditions" runstate="Runnable" seed="1637476819" result="Passed" start-time="2016-06-16 16:47:54Z" end-time="2016-06-16 16:49:25Z" duration="91.846238" asserts="3" />
          <test-case id="0-1043" name="TC003_Wellcome_Displayed_With_The_Correct_Content(&quot;Message&quot;,&quot;We’ve streamlined our app to provide ...&quot;)" fullname="AccuWeather.TestTermsConditions.TC003_Wellcome_Displayed_With_The_Correct_Content(&quot;Message&quot;,&quot;We’ve streamlined our app to provide ...&quot;)" methodname="TC003_Wellcome_Displayed_With_The_Correct_Content" classname="AccuWeather.TestTermsConditions" runstate="Runnable" seed="392352118" result="Passed" start-time="2016-06-16 16:49:25Z" end-time="2016-06-16 16:50:50Z" duration="84.934281" asserts="3" />
          <test-case id="0-1044" name="TC003_Wellcome_Displayed_With_The_Correct_Content(&quot;Let's Go!&quot;,&quot;Let's Go!&quot;)" fullname="AccuWeather.TestTermsConditions.TC003_Wellcome_Displayed_With_The_Correct_Content(&quot;Let's Go!&quot;,&quot;Let's Go!&quot;)" methodname="TC003_Wellcome_Displayed_With_The_Correct_Content" classname="AccuWeather.TestTermsConditions" runstate="Runnable" seed="608442110" result="Passed" start-time="2016-06-16 16:50:50Z" end-time="2016-06-16 16:52:12Z" duration="81.195550" asserts="3" />
        </test-suite>
        <test-case id="0-1046" name="TC004_Application_Opened_Menu_Displayed_After_Wellcome_Screen" fullname="AccuWeather.TestTermsConditions.TC004_Application_Opened_Menu_Displayed_After_Wellcome_Screen" methodname="TC004_Application_Opened_Menu_Displayed_After_Wellcome_Screen" classname="AccuWeather.TestTermsConditions" runstate="Runnable" seed="502868772" result="Passed" start-time="2016-06-16 16:52:12Z" end-time="2016-06-16 16:53:37Z" duration="85.402156" asserts="3" />
      </test-suite>
      <test-suite type="TestFixture" id="0-1016" name="TestMenuButtonAndMenuOptions" fullname="AccuWeather.TestMenuButtonAndMenuOptions" classname="AccuWeather.TestMenuButtonAndMenuOptions" runstate="Runnable" testcasecount="15" result="Passed" start-time="2016-06-16 16:42:16Z" end-time="2016-06-16 17:00:52Z" duration="1115.590221" total="15" passed="15" failed="0" inconclusive="0" skipped="0" asserts="44">
        <properties>
          <property name="ParallelScope" value="Self" />
          <property name="Category" value="MenuButtonAndOptions" />
        </properties>
        <test-suite type="ParameterizedMethod" id="0-1022" name="TC005_Menu_Button_Open_Menu_With_Correct_Content" fullname="AccuWeather.TestMenuButtonAndMenuOptions.TC005_Menu_Button_Open_Menu_With_Correct_Content" runstate="Runnable" testcasecount="5" result="Passed" start-time="2016-06-16 16:42:16Z" end-time="2016-06-16 16:48:34Z" duration="377.630247" total="5" passed="5" failed="0" inconclusive="0" skipped="0" asserts="15">
          <test-case id="0-1017" name="TC005_Menu_Button_Open_Menu_With_Correct_Content(&quot;list&quot;,&quot;&quot;)" fullname="AccuWeather.TestMenuButtonAndMenuOptions.TC005_Menu_Button_Open_Menu_With_Correct_Content(&quot;list&quot;,&quot;&quot;)" methodname="TC005_Menu_Button_Open_Menu_With_Correct_Content" classname="AccuWeather.TestMenuButtonAndMenuOptions" runstate="Runnable" seed="1272539657" result="Passed" start-time="2016-06-16 16:42:16Z" end-time="2016-06-16 16:43:29Z" duration="72.986646" asserts="3" />
          <test-case id="0-1018" name="TC005_Menu_Button_Open_Menu_With_Correct_Content(&quot;addIcon&quot;,&quot;&quot;)" fullname="AccuWeather.TestMenuButtonAndMenuOptions.TC005_Menu_Button_Open_Menu_With_Correct_Content(&quot;addIcon&quot;,&quot;&quot;)" methodname="TC005_Menu_Button_Open_Menu_With_Correct_Content" classname="AccuWeather.TestMenuButtonAndMenuOptions" runstate="Runnable" seed="591261833" result="Passed" start-time="2016-06-16 16:43:29Z" end-time="2016-06-16 16:44:41Z" duration="71.922890" asserts="3" />
          <test-case id="0-1019" name="TC005_Menu_Button_Open_Menu_With_Correct_Content(&quot;addLabel&quot;,&quot;Add Location&quot;)" fullname="AccuWeather.TestMenuButtonAndMenuOptions.TC005_Menu_Button_Open_Menu_With_Correct_Content(&quot;addLabel&quot;,&quot;Add Location&quot;)" methodname="TC005_Menu_Button_Open_Menu_With_Correct_Content" classname="AccuWeather.TestMenuButtonAndMenuOptions" runstate="Runnable" seed="118089422" result="Passed" start-time="2016-06-16 16:44:41Z" end-time="2016-06-16 16:45:58Z" duration="76.288494" asserts="3" />
          <test-case id="0-1020" name="TC005_Menu_Button_Open_Menu_With_Correct_Content(&quot;editIcon&quot;,&quot;&quot;)" fullname="AccuWeather.TestMenuButtonAndMenuOptions.TC005_Menu_Button_Open_Menu_With_Correct_Content(&quot;editIcon&quot;,&quot;&quot;)" methodname="TC005_Menu_Button_Open_Menu_With_Correct_Content" classname="AccuWeather.TestMenuButtonAndMenuOptions" runstate="Runnable" seed="1687410536" result="Passed" start-time="2016-06-16 16:45:58Z" end-time="2016-06-16 16:47:22Z" duration="83.981158" asserts="3" />
          <test-case id="0-1021" name="TC005_Menu_Button_Open_Menu_With_Correct_Content(&quot;editLabel&quot;,&quot;Edit Locations&quot;)" fullname="AccuWeather.TestMenuButtonAndMenuOptions.TC005_Menu_Button_Open_Menu_With_Correct_Content(&quot;editLabel&quot;,&quot;Edit Locations&quot;)" methodname="TC005_Menu_Button_Open_Menu_With_Correct_Content" classname="AccuWeather.TestMenuButtonAndMenuOptions" runstate="Runnable" seed="1620750620" result="Passed" start-time="2016-06-16 16:47:22Z" end-time="2016-06-16 16:48:34Z" duration="72.437671" asserts="3" />
        </test-suite>
        <test-case id="0-1023" name="TC006_Menu_Closed_When_User_Touch_Outside_menu" fullname="AccuWeather.TestMenuButtonAndMenuOptions.TC006_Menu_Closed_When_User_Touch_Outside_menu" methodname="TC006_Menu_Closed_When_User_Touch_Outside_menu" classname="AccuWeather.TestMenuButtonAndMenuOptions" runstate="Runnable" seed="1328488278" result="Passed" start-time="2016-06-16 16:48:34Z" end-time="2016-06-16 16:49:59Z" duration="84.616797" asserts="2" />
        <test-suite type="ParameterizedMethod" id="0-1027" name="TC007_Menu_Add_Location_Screen_Open_with_CorrectContent_User_touch_Add_Location_Menu_Option" fullname="AccuWeather.TestMenuButtonAndMenuOptions.TC007_Menu_Add_Location_Screen_Open_with_CorrectContent_User_touch_Add_Location_Menu_Option" runstate="Runnable" testcasecount="3" result="Passed" start-time="2016-06-16 16:49:59Z" end-time="2016-06-16 16:53:39Z" duration="220.215189" total="3" passed="3" failed="0" inconclusive="0" skipped="0" asserts="9">
          <test-case id="0-1024" name="TC007_Menu_Add_Location_Screen_Open_with_CorrectContent_User_touch_Add_Location_Menu_Option(&quot;backButton&quot;,&quot;&quot;)" fullname="AccuWeather.TestMenuButtonAndMenuOptions.TC007_Menu_Add_Location_Screen_Open_with_CorrectContent_User_touch_Add_Location_Menu_Option(&quot;backButton&quot;,&quot;&quot;)" methodname="TC007_Menu_Add_Location_Screen_Open_with_CorrectContent_User_touch_Add_Location_Menu_Option" classname="AccuWeather.TestMenuButtonAndMenuOptions" runstate="Runnable" seed="2055237640" result="Passed" start-time="2016-06-16 16:49:59Z" end-time="2016-06-16 16:51:12Z" duration="73.680665" asserts="3" />
          <test-case id="0-1025" name="TC007_Menu_Add_Location_Screen_Open_with_CorrectContent_User_touch_Add_Location_Menu_Option(&quot;searchbutton&quot;,&quot;&quot;)" fullname="AccuWeather.TestMenuButtonAndMenuOptions.TC007_Menu_Add_Location_Screen_Open_with_CorrectContent_User_touch_Add_Location_Menu_Option(&quot;searchbutton&quot;,&quot;&quot;)" methodname="TC007_Menu_Add_Location_Screen_Open_with_CorrectContent_User_touch_Add_Location_Menu_Option" classname="AccuWeather.TestMenuButtonAndMenuOptions" runstate="Runnable" seed="652308738" result="Passed" start-time="2016-06-16 16:51:12Z" end-time="2016-06-16 16:52:26Z" duration="73.652595" asserts="3" />
          <test-case id="0-1026" name="TC007_Menu_Add_Location_Screen_Open_with_CorrectContent_User_touch_Add_Location_Menu_Option(&quot;searchtextfield&quot;,&quot;Search for city or location name&quot;)" fullname="AccuWeather.TestMenuButtonAndMenuOptions.TC007_Menu_Add_Location_Screen_Open_with_CorrectContent_User_touch_Add_Location_Menu_Option(&quot;searchtextfield&quot;,&quot;Search for city or location name&quot;)" methodname="TC007_Menu_Add_Location_Screen_Open_with_CorrectContent_User_touch_Add_Location_Menu_Option" classname="AccuWeather.TestMenuButtonAndMenuOptions" runstate="Runnable" seed="1079396103" result="Passed" start-time="2016-06-16 16:52:26Z" end-time="2016-06-16 16:53:39Z" duration="72.875521" asserts="3" />
        </test-suite>
        <test-suite type="ParameterizedMethod" id="0-1034" name="TC008_Menu_Edit_Location_Screen_Open_with_CorrectContent_User_touch_Edit_Location_Menu_Option" fullname="AccuWeather.TestMenuButtonAndMenuOptions.TC008_Menu_Edit_Location_Screen_Open_with_CorrectContent_User_touch_Edit_Location_Menu_Option" runstate="Runnable" testcasecount="6" result="Passed" start-time="2016-06-16 16:53:39Z" end-time="2016-06-16 17:00:52Z" duration="433.109636" total="6" passed="6" failed="0" inconclusive="0" skipped="0" asserts="18">
          <test-case id="0-1028" name="TC008_Menu_Edit_Location_Screen_Open_with_CorrectContent_User_touch_Edit_Location_Menu_Option(&quot;titleLabel&quot;,&quot;Current&quot;,&quot;id&quot;)" fullname="AccuWeather.TestMenuButtonAndMenuOptions.TC008_Menu_Edit_Location_Screen_Open_with_CorrectContent_User_touch_Edit_Location_Menu_Option(&quot;titleLabel&quot;,&quot;Current&quot;,&quot;id&quot;)" methodname="TC008_Menu_Edit_Location_Screen_Open_with_CorrectContent_User_touch_Edit_Location_Menu_Option" classname="AccuWeather.TestMenuButtonAndMenuOptions" runstate="Runnable" seed="1694934116" result="Passed" start-time="2016-06-16 16:53:39Z" end-time="2016-06-16 16:54:48Z" duration="68.577706" asserts="3" />
          <test-case id="0-1029" name="TC008_Menu_Edit_Location_Screen_Open_with_CorrectContent_User_touch_Edit_Location_Menu_Option(&quot;subtitleLabel&quot;,&quot;Searching for your current location&quot;,&quot;id&quot;)" fullname="AccuWeather.TestMenuButtonAndMenuOptions.TC008_Menu_Edit_Location_Screen_Open_with_CorrectContent_User_touch_Edit_Location_Menu_Option(&quot;subtitleLabel&quot;,&quot;Searching for your current location&quot;,&quot;id&quot;)" methodname="TC008_Menu_Edit_Location_Screen_Open_with_CorrectContent_User_touch_Edit_Location_Menu_Option" classname="AccuWeather.TestMenuButtonAndMenuOptions" runstate="Runnable" seed="1196887609" result="Passed" start-time="2016-06-16 16:54:48Z" end-time="2016-06-16 16:56:01Z" duration="73.796218" asserts="3" />
          <test-case id="0-1030" name="TC008_Menu_Edit_Location_Screen_Open_with_CorrectContent_User_touch_Edit_Location_Menu_Option(&quot;toogleButton&quot;,&quot;ON&quot;,&quot;id&quot;)" fullname="AccuWeather.TestMenuButtonAndMenuOptions.TC008_Menu_Edit_Location_Screen_Open_with_CorrectContent_User_touch_Edit_Location_Menu_Option(&quot;toogleButton&quot;,&quot;ON&quot;,&quot;id&quot;)" methodname="TC008_Menu_Edit_Location_Screen_Open_with_CorrectContent_User_touch_Edit_Location_Menu_Option" classname="AccuWeather.TestMenuButtonAndMenuOptions" runstate="Runnable" seed="1340244713" result="Passed" start-time="2016-06-16 16:56:01Z" end-time="2016-06-16 16:57:20Z" duration="78.369584" asserts="3" />
          <test-case id="0-1031" name="TC008_Menu_Edit_Location_Screen_Open_with_CorrectContent_User_touch_Edit_Location_Menu_Option(&quot;editList&quot;,&quot;&quot;,&quot;id&quot;)" fullname="AccuWeather.TestMenuButtonAndMenuOptions.TC008_Menu_Edit_Location_Screen_Open_with_CorrectContent_User_touch_Edit_Location_Menu_Option(&quot;editList&quot;,&quot;&quot;,&quot;id&quot;)" methodname="TC008_Menu_Edit_Location_Screen_Open_with_CorrectContent_User_touch_Edit_Location_Menu_Option" classname="AccuWeather.TestMenuButtonAndMenuOptions" runstate="Runnable" seed="1583111997" result="Passed" start-time="2016-06-16 16:57:20Z" end-time="2016-06-16 16:58:30Z" duration="69.957301" asserts="3" />
          <test-case id="0-1032" name="TC008_Menu_Edit_Location_Screen_Open_with_CorrectContent_User_touch_Edit_Location_Menu_Option(&quot;backbuttontoolbar&quot;,&quot;&quot;,&quot;class&quot;)" fullname="AccuWeather.TestMenuButtonAndMenuOptions.TC008_Menu_Edit_Location_Screen_Open_with_CorrectContent_User_touch_Edit_Location_Menu_Option(&quot;backbuttontoolbar&quot;,&quot;&quot;,&quot;class&quot;)" methodname="TC008_Menu_Edit_Location_Screen_Open_with_CorrectContent_User_touch_Edit_Location_Menu_Option" classname="AccuWeather.TestMenuButtonAndMenuOptions" runstate="Runnable" seed="1565032323" result="Passed" start-time="2016-06-16 16:58:30Z" end-time="2016-06-16 16:59:39Z" duration="68.969821" asserts="3" />
          <test-case id="0-1033" name="TC008_Menu_Edit_Location_Screen_Open_with_CorrectContent_User_touch_Edit_Location_Menu_Option(&quot;titletoolbar&quot;,&quot;Edit Locations&quot;,&quot;class&quot;)" fullname="AccuWeather.TestMenuButtonAndMenuOptions.TC008_Menu_Edit_Location_Screen_Open_with_CorrectContent_User_touch_Edit_Location_Menu_Option(&quot;titletoolbar&quot;,&quot;Edit Locations&quot;,&quot;class&quot;)" methodname="TC008_Menu_Edit_Location_Screen_Open_with_CorrectContent_User_touch_Edit_Location_Menu_Option" classname="AccuWeather.TestMenuButtonAndMenuOptions" runstate="Runnable" seed="304199382" result="Passed" start-time="2016-06-16 16:59:39Z" end-time="2016-06-16 17:00:52Z" duration="73.429220" asserts="3" />
        </test-suite>
      </test-suite>
    </test-suite>
  </test-suite>
</test-run>