<?xml version="1.0" encoding="utf-8" standalone="no"?>
<test-run id="2" testcasecount="32" result="Passed" total="2" passed="2" failed="0" inconclusive="0" skipped="0" asserts="12" engine-version="3.2.1.0" clr-version="4.0.30319.42000" start-time="2016-06-14 20:08:01Z" end-time="2016-06-14 20:11:49Z" duration="228.653226">
  <command-line><![CDATA["C:\Users\osmar.garcia\Source\Repos\osmar\AccuWeather\packages\NUnit.ConsoleRunner.3.2.1\tools\nunit3-console.exe" AccuWeather.dll --where "cat == EditLocation" --work="Reports\201606141607479434"]]></command-line>
  <filter>
    <cat>EditLocation</cat>
  </filter>
  <test-suite type="Assembly" id="0-1047" name="AccuWeather.dll" fullname="C:\Users\osmar.garcia\Source\Repos\osmar\AccuWeather\ConsoleApplication1\bin\Debug\AccuWeather.dll" runstate="Runnable" testcasecount="32" result="Passed" start-time="2016-06-14 20:08:01Z" end-time="2016-06-14 20:11:49Z" duration="228.505334" total="2" passed="2" failed="0" inconclusive="0" skipped="0" asserts="12">
    <environment framework-version="3.2.1.0" clr-version="4.0.30319.42000" os-version="Microsoft Windows NT 6.1.7601 Service Pack 1" platform="Win32NT" cwd="C:\Users\osmar.garcia\Source\Repos\osmar\AccuWeather\ConsoleApplication1\bin\Debug" machine-name="TXBOOGARCIA" user="osmar.garcia" user-domain="TRUEXTEND" culture="en-US" uiculture="en-US" os-architecture="x64" />
    <settings>
      <setting name="WorkDirectory" value="Reports\201606141607479434" />
      <setting name="ImageRuntimeVersion" value="4.0.30319" />
      <setting name="ImageTargetFrameworkName" value=".NETFramework,Version=v4.5.2" />
      <setting name="ImageRequiresX86" value="False" />
      <setting name="ImageRequiresDefaultAppDomainAssemblyResolver" value="False" />
      <setting name="NumberOfTestWorkers" value="4" />
    </settings>
    <properties>
      <property name="_PID" value="8312" />
      <property name="_APPDOMAIN" value="test-domain-" />
    </properties>
    <test-suite type="TestSuite" id="0-1048" name="AccuWeather" fullname="AccuWeather" runstate="Runnable" testcasecount="32" result="Passed" start-time="2016-06-14 20:08:01Z" end-time="2016-06-14 20:11:49Z" duration="228.475031" total="2" passed="2" failed="0" inconclusive="0" skipped="0" asserts="12">
      <properties />
      <test-suite type="TestFixture" id="0-1012" name="TestEditLocation" fullname="AccuWeather.TestEditLocation" classname="AccuWeather.TestEditLocation" runstate="Runnable" testcasecount="2" result="Passed" start-time="2016-06-14 20:08:01Z" end-time="2016-06-14 20:11:49Z" duration="228.467881" total="2" passed="2" failed="0" inconclusive="0" skipped="0" asserts="12">
        <properties>
          <property name="Category" value="EditLocation" />
        </properties>
        <test-suite type="ParameterizedMethod" id="0-1015" name="TC015_Edit_Location_Delete_Location_When_It_Is_Swipped_Left" fullname="AccuWeather.TestEditLocation.TC015_Edit_Location_Delete_Location_When_It_Is_Swipped_Left" runstate="Runnable" testcasecount="2" result="Passed" start-time="2016-06-14 20:08:01Z" end-time="2016-06-14 20:11:49Z" duration="228.457450" total="2" passed="2" failed="0" inconclusive="0" skipped="0" asserts="12">
          <properties />
          <test-case id="0-1013" name="TC015_Edit_Location_Delete_Location_When_It_Is_Swipped_Left(&quot;Edit&quot;)" fullname="AccuWeather.TestEditLocation.TC015_Edit_Location_Delete_Location_When_It_Is_Swipped_Left(&quot;Edit&quot;)" methodname="TC015_Edit_Location_Delete_Location_When_It_Is_Swipped_Left" classname="AccuWeather.TestEditLocation" runstate="Runnable" seed="212386315" result="Passed" start-time="2016-06-14 20:08:01Z" end-time="2016-06-14 20:09:54Z" duration="112.994257" asserts="6">
            <properties />
          </test-case>
          <test-case id="0-1014" name="TC015_Edit_Location_Delete_Location_When_It_Is_Swipped_Left(&quot;Menu&quot;)" fullname="AccuWeather.TestEditLocation.TC015_Edit_Location_Delete_Location_When_It_Is_Swipped_Left(&quot;Menu&quot;)" methodname="TC015_Edit_Location_Delete_Location_When_It_Is_Swipped_Left" classname="AccuWeather.TestEditLocation" runstate="Runnable" seed="963478164" result="Passed" start-time="2016-06-14 20:09:54Z" end-time="2016-06-14 20:11:49Z" duration="115.411334" asserts="6">
            <properties />
          </test-case>
        </test-suite>
      </test-suite>
    </test-suite>
  </test-suite>
</test-run>